Removed Pin From Net: NetName=GND Pin=C15-1
Removed Pin From Net: NetName=VDD_AUX Pin=C15-2
Change Component Footprint: Designator=C15 Old Footprint=tu 1206 New Footprint=tu 0805
Change component parameters: Designator = "C15" ("C15"); Footprint = "tu 1206"; UniqueID = "\OPUHJTMA" ("\OPUHJTMA")
Change component parameters (AddParameter): Name = "Chung_Loai"; Value = "Dán"; VariantName = "[No Variations]"
Change component parameters (AddParameter): Name = "Don_Vi"; Value = "Con"; VariantName = "[No Variations]"
Change component parameters (AddParameter): Name = "Kieu_Chan"; Value = ""; VariantName = "[No Variations]"
Change component parameters (AddParameter): Name = "Ma_Hang"; Value = "MH004551"; VariantName = "[No Variations]"
Change component parameters (AddParameter): Name = "So_Chan"; Value = "2"; VariantName = "[No Variations]"
Change component parameters (AddParameter): Name = "Ten_Linh_Kien"; Value = "T? 0805 104-100nF 10% 50V"; VariantName = "[No Variations]"
Added Pin To Net: NetName=VDD_AUX Pin=C15-1
Added Pin To Net: NetName=GND Pin=C15-2
Added Member To Class: ClassName=Air_Logger_Sch_ver2 Member=Component C18 104
Added Member To Class: ClassName=Air_Logger_Sch_ver2 Member=Component C19 104
Added Member To Class: ClassName=Air_Logger_Sch_ver2 Member=Component C20 104
Added Member To Class: ClassName=Air_Logger_Sch_ver2 Member=Component C22 104
Added Member To Class: ClassName=Air_Logger_Sch_ver2 Member=Component C24 102
Added Member To Class: ClassName=Air_Logger_Sch_ver2 Member=Component C25 104
Added Member To Class: ClassName=Air_Logger_Sch_ver2 Member=Component C26 102
Added Member To Class: ClassName=Air_Logger_Sch_ver2 Member=Component C27 104
Added Member To Class: ClassName=Air_Logger_Sch_ver2 Member=Component J4 SIM Socket
