Removed Pin From Net: NetName=MCU1_RX Pin=Q1-2
Removed Pin From Net: NetName=9 TXD Pin=Q1-3
Removed Pin From Net: NetName=10 RXD Pin=Q2-2
Removed Pin From Net: NetName=MCU1_TX Pin=Q2-3
Removed Pin From Net: NetName=49 RXD3 Pin=Q12-2
Removed Pin From Net: NetName=MCU3_TX Pin=Q12-3
Removed Pin From Net: NetName=MCU3_RX Pin=Q13-2
Removed Pin From Net: NetName=50 TXD3 Pin=Q13-3
Change Component Footprint: Designator=J3 Old Footprint=AMPHENOL_10119313-301CLF New Footprint=GCT_USB3106-XX-0230-X_REVB
Change Component Footprint: Designator=Q1 Old Footprint=SOT23B C1815 New Footprint=SOT50P160X78-3N
Change Component Footprint: Designator=Q2 Old Footprint=SOT23B C1815 New Footprint=SOT50P160X78-3N
Change Component Footprint: Designator=Q12 Old Footprint=SOT23B C1815 New Footprint=SOT50P160X78-3N
Change Component Footprint: Designator=Q13 Old Footprint=SOT23B C1815 New Footprint=SOT50P160X78-3N
Change Component Comment : Designator=Q1 Old Comment=C1815 SOT23B New Comment=MMBT3904T
Change Component Comment : Designator=Q2 Old Comment=C1815 SOT23B New Comment=MMBT3904T
Change Component Comment : Designator=Q12 Old Comment=C1815 SOT23B New Comment=MMBT3904T
Change Component Comment : Designator=Q13 Old Comment=C1815 SOT23B New Comment=MMBT3904T
Change Component Designator: OldDesignator=  NewDesignator=Q8
Change Component Designator: OldDesignator=   NewDesignator=R28
Change component parameters: Designator = "J3" ("J3"); Footprint = "AMPHENOL_10119313-301CLF"; UniqueID = "\AEKVMEBH" ("\AEKVMEBH")
Change component parameters (AddParameter): Name = "Availability"; Value = "Unavailable"; VariantName = "[No Variations]"
Change component parameters (AddParameter): Name = "MF"; Value = "Global Connector Technology"; VariantName = "[No Variations]"
Change component parameters (AddParameter): Name = "MP"; Value = "USB3106-30-0230-A"; VariantName = "[No Variations]"
Change component parameters (AddParameter): Name = "Package"; Value = "None"; VariantName = "[No Variations]"
Change component parameters (AddParameter): Name = "Price"; Value = "None"; VariantName = "[No Variations]"
Change component parameters (AddParameter): Name = "SnapEDA_Link"; Value = "https://www.snapeda.com/parts/USB3106-30-0230-A/Global%20Connector%20Technology/view-part/491956/?ref=snap"; VariantName = "[No Variations]"
Change component parameters (AddParameter): Name = "Value"; Value = ""; VariantName = "[No Variations]"
Change component parameters: Designator = "Q1" ("Q1"); Footprint = "SOT23B C1815"; UniqueID = "\MJCTLTEQ" ("\MJCTLTEQ")
Change component parameters (AddParameter): Name = "Check_prices"; Value = "https://www.snapeda.com/parts/MMBT3904T/Fairchild+Semiconductor/view-part/?ref=eda"; VariantName = "[No Variations]"
Change component parameters (AddParameter): Name = "MF"; Value = "Fairchild Semiconductor"; VariantName = "[No Variations]"
Change component parameters (AddParameter): Name = "MP"; Value = "MMBT3904T"; VariantName = "[No Variations]"
Change component parameters (AddParameter): Name = "Package"; Value = "SOT-523F ON Semiconductor"; VariantName = "[No Variations]"
Change component parameters (AddParameter): Name = "SnapEDA_Link"; Value = "https://www.snapeda.com/parts/MMBT3904T/Fairchild+Semiconductor/view-part/?ref=snap"; VariantName = "[No Variations]"
Change component parameters (AddParameter): Name = "Value"; Value = ""; VariantName = "[No Variations]"
Change component parameters: Designator = "Q2" ("Q2"); Footprint = "SOT23B C1815"; UniqueID = "\INAXEOWD" ("\INAXEOWD")
Change component parameters (AddParameter): Name = "Check_prices"; Value = "https://www.snapeda.com/parts/MMBT3904T/Fairchild+Semiconductor/view-part/?ref=eda"; VariantName = "[No Variations]"
Change component parameters (AddParameter): Name = "MF"; Value = "Fairchild Semiconductor"; VariantName = "[No Variations]"
Change component parameters (AddParameter): Name = "MP"; Value = "MMBT3904T"; VariantName = "[No Variations]"
Change component parameters (AddParameter): Name = "Package"; Value = "SOT-523F ON Semiconductor"; VariantName = "[No Variations]"
Change component parameters (AddParameter): Name = "SnapEDA_Link"; Value = "https://www.snapeda.com/parts/MMBT3904T/Fairchild+Semiconductor/view-part/?ref=snap"; VariantName = "[No Variations]"
Change component parameters (AddParameter): Name = "Value"; Value = ""; VariantName = "[No Variations]"
Change component parameters: Designator = "Q12" ("Q12"); Footprint = "SOT23B C1815"; UniqueID = "\HKNQNWCL" ("\HKNQNWCL")
Change component parameters (AddParameter): Name = "Check_prices"; Value = "https://www.snapeda.com/parts/MMBT3904T/Fairchild+Semiconductor/view-part/?ref=eda"; VariantName = "[No Variations]"
Change component parameters (AddParameter): Name = "MF"; Value = "Fairchild Semiconductor"; VariantName = "[No Variations]"
Change component parameters (AddParameter): Name = "MP"; Value = "MMBT3904T"; VariantName = "[No Variations]"
Change component parameters (AddParameter): Name = "Package"; Value = "SOT-523F ON Semiconductor"; VariantName = "[No Variations]"
Change component parameters (AddParameter): Name = "SnapEDA_Link"; Value = "https://www.snapeda.com/parts/MMBT3904T/Fairchild+Semiconductor/view-part/?ref=snap"; VariantName = "[No Variations]"
Change component parameters (AddParameter): Name = "Value"; Value = ""; VariantName = "[No Variations]"
Change component parameters: Designator = "Q13" ("Q13"); Footprint = "SOT23B C1815"; UniqueID = "\HYKXQEHE" ("\HYKXQEHE")
Change component parameters (AddParameter): Name = "Check_prices"; Value = "https://www.snapeda.com/parts/MMBT3904T/Fairchild+Semiconductor/view-part/?ref=eda"; VariantName = "[No Variations]"
Change component parameters (AddParameter): Name = "MF"; Value = "Fairchild Semiconductor"; VariantName = "[No Variations]"
Change component parameters (AddParameter): Name = "MP"; Value = "MMBT3904T"; VariantName = "[No Variations]"
Change component parameters (AddParameter): Name = "Package"; Value = "SOT-523F ON Semiconductor"; VariantName = "[No Variations]"
Change component parameters (AddParameter): Name = "SnapEDA_Link"; Value = "https://www.snapeda.com/parts/MMBT3904T/Fairchild+Semiconductor/view-part/?ref=snap"; VariantName = "[No Variations]"
Change component parameters (AddParameter): Name = "Value"; Value = ""; VariantName = "[No Variations]"
Added Pin To Net: NetName=9 TXD Pin=Q1-2
Added Pin To Net: NetName=MCU1_TX Pin=Q2-2
Added Pin To Net: NetName=10 RXD Pin=Q2-3
Added Pin To Net: NetName=MCU3_TX Pin=Q12-2
Added Pin To Net: NetName=49 RXD3 Pin=Q12-3
Added Pin To Net: NetName=50 TXD3 Pin=Q13-2
Added Pin To Net: NetName=MCU3_RX Pin=Q13-3
Added Member To Class: ClassName=Air_Logger_Sch_ver2 Member=Component Q8 C1815
Added Member To Class: ClassName=Air_Logger_Sch_ver2 Member=Component R28 10k
Added Room: Name=Air_Logger_Sch_ver2
